2020-10-24 21:31:33,091 - 
2020-10-24 21:31:33,091 - DfFlutistLog4JLogSystem initialized using logfile './log/velocity.log'
2020-10-24 21:31:33,091 - Initializing Velocity, Calling init()...
2020-10-24 21:31:33,091 - *******************************************************************
2020-10-24 21:31:33,091 - Starting Apache Velocity v1.7 (compiled: 2010-11-19 12:14:37)
2020-10-24 21:31:33,092 - RuntimeInstance initializing.
2020-10-24 21:31:33,092 - Default Properties File: org\apache\velocity\runtime\defaults\velocity.properties
2020-10-24 21:31:33,092 - Trying to use logger class org.dbflute.friends.velocity.DfFlutistLog4JLogSystem
2020-10-24 21:31:33,092 - Using logger class org.dbflute.friends.velocity.DfFlutistLog4JLogSystem
2020-10-24 21:31:33,095 - Default ResourceManager initializing. (class org.apache.velocity.runtime.resource.ResourceManagerImpl)
2020-10-24 21:31:33,101 - ResourceLoader instantiated: org.apache.velocity.runtime.resource.loader.FileResourceLoader
2020-10-24 21:31:33,104 - FileResourceLoader : initialization starting.
2020-10-24 21:31:33,104 - Do unicode file recognition:  false
2020-10-24 21:31:33,104 - FileResourceLoader : adding path 'C:\Users\negis\Desktop\demo\mydbflute\dbflute-1.2.1\templates'
2020-10-24 21:31:33,104 - FileResourceLoader : initialization complete.
2020-10-24 21:31:33,116 - ResourceCache: initialized (class org.apache.velocity.runtime.resource.ResourceCacheImpl) with class java.util.Collections$SynchronizedMap cache map.
2020-10-24 21:31:33,116 - Default ResourceManager initialization complete.
2020-10-24 21:31:33,118 - Loaded System Directive: org.apache.velocity.runtime.directive.Stop
2020-10-24 21:31:33,120 - Loaded System Directive: org.apache.velocity.runtime.directive.Define
2020-10-24 21:31:33,121 - Loaded System Directive: org.apache.velocity.runtime.directive.Break
2020-10-24 21:31:33,122 - Loaded System Directive: org.apache.velocity.runtime.directive.Evaluate
2020-10-24 21:31:33,123 - Loaded System Directive: org.apache.velocity.runtime.directive.Literal
2020-10-24 21:31:33,125 - Loaded System Directive: org.apache.velocity.runtime.directive.Macro
2020-10-24 21:31:33,129 - Loaded System Directive: org.apache.velocity.runtime.directive.Parse
2020-10-24 21:31:33,132 - Loaded System Directive: org.apache.velocity.runtime.directive.Include
2020-10-24 21:31:33,133 - Loaded System Directive: org.apache.velocity.runtime.directive.Foreach
2020-10-24 21:31:33,166 - Created '20' parsers.
2020-10-24 21:31:33,177 - Velocimacro : initialization starting.
2020-10-24 21:31:33,177 - Velocimacro : "velocimacro.library" is not set.  Trying default library: VM_global_library.vm
2020-10-24 21:31:33,177 - Velocimacro : Default library not found.
2020-10-24 21:31:33,177 - Velocimacro : allowInline = true : VMs can be defined inline in templates
2020-10-24 21:31:33,178 - Velocimacro : allowInlineToOverride = false : VMs defined inline may NOT replace previous VM definitions
2020-10-24 21:31:33,178 - Velocimacro : allowInlineLocal = false : VMs defined inline will be global in scope if allowed.
2020-10-24 21:31:33,178 - Velocimacro : autoload off : VM system will not automatically reload global library macros
2020-10-24 21:31:33,178 - Velocimacro : Velocimacro : initialization complete.
2020-10-24 21:31:33,178 - RuntimeInstance successfully initialized.
2020-10-24 21:31:33,202 - ResourceManager : found doc/ControlDocument.vm with loader org.apache.velocity.runtime.resource.loader.FileResourceLoader
2020-10-24 21:31:33,307 - Velocimacro : added VM escape: source=doc/html/datamodel.vm
2020-10-24 21:31:33,321 - ResourceManager : found doc/html/datamodel.vm with loader org.apache.velocity.runtime.resource.loader.FileResourceLoader
2020-10-24 21:31:33,383 - ResourceManager : found doc/html/table.vm with loader org.apache.velocity.runtime.resource.loader.FileResourceLoader
2020-10-24 21:31:33,423 - Velocimacro : VM addition rejected : escape : inline not allowed to replace existing VM
2020-10-24 21:31:33,423 - ResourceManager : found doc/html/diffmodel.vm with loader org.apache.velocity.runtime.resource.loader.FileResourceLoader
2020-10-24 21:31:40,394 - 
2020-10-24 21:31:40,395 - DfFlutistLog4JLogSystem initialized using logfile './log/velocity.log'
2020-10-24 21:31:40,395 - Initializing Velocity, Calling init()...
2020-10-24 21:31:40,395 - *******************************************************************
2020-10-24 21:31:40,395 - Starting Apache Velocity v1.7 (compiled: 2010-11-19 12:14:37)
2020-10-24 21:31:40,395 - RuntimeInstance initializing.
2020-10-24 21:31:40,395 - Default Properties File: org\apache\velocity\runtime\defaults\velocity.properties
2020-10-24 21:31:40,395 - Trying to use logger class org.dbflute.friends.velocity.DfFlutistLog4JLogSystem
2020-10-24 21:31:40,395 - Using logger class org.dbflute.friends.velocity.DfFlutistLog4JLogSystem
2020-10-24 21:31:40,397 - Default ResourceManager initializing. (class org.apache.velocity.runtime.resource.ResourceManagerImpl)
2020-10-24 21:31:40,402 - ResourceLoader instantiated: org.apache.velocity.runtime.resource.loader.FileResourceLoader
2020-10-24 21:31:40,403 - FileResourceLoader : initialization starting.
2020-10-24 21:31:40,403 - Do unicode file recognition:  false
2020-10-24 21:31:40,403 - FileResourceLoader : adding path 'C:\Users\negis\Desktop\demo\mydbflute\dbflute-1.2.1\templates'
2020-10-24 21:31:40,404 - FileResourceLoader : initialization complete.
2020-10-24 21:31:40,413 - ResourceCache: initialized (class org.apache.velocity.runtime.resource.ResourceCacheImpl) with class java.util.Collections$SynchronizedMap cache map.
2020-10-24 21:31:40,413 - Default ResourceManager initialization complete.
2020-10-24 21:31:40,415 - Loaded System Directive: org.apache.velocity.runtime.directive.Stop
2020-10-24 21:31:40,417 - Loaded System Directive: org.apache.velocity.runtime.directive.Define
2020-10-24 21:31:40,418 - Loaded System Directive: org.apache.velocity.runtime.directive.Break
2020-10-24 21:31:40,419 - Loaded System Directive: org.apache.velocity.runtime.directive.Evaluate
2020-10-24 21:31:40,419 - Loaded System Directive: org.apache.velocity.runtime.directive.Literal
2020-10-24 21:31:40,421 - Loaded System Directive: org.apache.velocity.runtime.directive.Macro
2020-10-24 21:31:40,423 - Loaded System Directive: org.apache.velocity.runtime.directive.Parse
2020-10-24 21:31:40,427 - Loaded System Directive: org.apache.velocity.runtime.directive.Include
2020-10-24 21:31:40,428 - Loaded System Directive: org.apache.velocity.runtime.directive.Foreach
2020-10-24 21:31:40,458 - Created '20' parsers.
2020-10-24 21:31:40,470 - Velocimacro : initialization starting.
2020-10-24 21:31:40,470 - Velocimacro : "velocimacro.library" is not set.  Trying default library: VM_global_library.vm
2020-10-24 21:31:40,470 - Velocimacro : Default library not found.
2020-10-24 21:31:40,470 - Velocimacro : allowInline = true : VMs can be defined inline in templates
2020-10-24 21:31:40,470 - Velocimacro : allowInlineToOverride = false : VMs defined inline may NOT replace previous VM definitions
2020-10-24 21:31:40,470 - Velocimacro : allowInlineLocal = false : VMs defined inline will be global in scope if allowed.
2020-10-24 21:31:40,470 - Velocimacro : autoload off : VM system will not automatically reload global library macros
2020-10-24 21:31:40,470 - Velocimacro : Velocimacro : initialization complete.
2020-10-24 21:31:40,470 - RuntimeInstance successfully initialized.
2020-10-24 21:31:40,539 - ResourceManager : found om/ControlGenerateJava.vm with loader org.apache.velocity.runtime.resource.loader.FileResourceLoader
2020-10-24 21:31:40,621 - ResourceManager : found om/java/allcommon/DBCurrent.vm with loader org.apache.velocity.runtime.resource.loader.FileResourceLoader
2020-10-24 21:31:40,632 - ResourceManager : found om/java/allcommon/DBFluteConfig.vm with loader org.apache.velocity.runtime.resource.loader.FileResourceLoader
2020-10-24 21:31:40,638 - Null reference [template 'om/java/allcommon/DBFluteConfig.vm', line 1171, column 59] : $PoolGuardConnectionWrapper cannot be resolved.
2020-10-24 21:31:40,646 - ResourceManager : found om/java/allcommon/DBFluteInitializer.vm with loader org.apache.velocity.runtime.resource.loader.FileResourceLoader
2020-10-24 21:31:40,654 - ResourceManager : found om/java/allcommon/DBMetaInstanceHandler.vm with loader org.apache.velocity.runtime.resource.loader.FileResourceLoader
2020-10-24 21:31:40,677 - ResourceManager : found om/java/allcommon/EntityDefinedCommonColumn.vm with loader org.apache.velocity.runtime.resource.loader.FileResourceLoader
2020-10-24 21:31:40,685 - ResourceManager : found om/java/allcommon/ImplementedBehaviorSelector.vm with loader org.apache.velocity.runtime.resource.loader.FileResourceLoader
2020-10-24 21:31:40,694 - ResourceManager : found om/java/allcommon/ImplementedCommonColumnAutoSetupper.vm with loader org.apache.velocity.runtime.resource.loader.FileResourceLoader
2020-10-24 21:31:40,702 - ResourceManager : found om/java/allcommon/ImplementedInvokerAssistant.vm with loader org.apache.velocity.runtime.resource.loader.FileResourceLoader
2020-10-24 21:31:40,709 - ResourceManager : found om/java/allcommon/ImplementedSqlClauseCreator.vm with loader org.apache.velocity.runtime.resource.loader.FileResourceLoader
2020-10-24 21:31:40,721 - ResourceManager : found om/java/allcommon/container/spring/SpringDBFluteBeansJavaConfig.vm with loader org.apache.velocity.runtime.resource.loader.FileResourceLoader
2020-10-24 21:31:40,766 - Null reference [template 'om/ControlGenerateJava.vm', line 290, column 38] : ${glPackageExtendedDao} cannot be resolved.
2020-10-24 21:31:40,766 - Null reference [template 'om/ControlGenerateJava.vm', line 293, column 34] : ${glPackageBaseDao} cannot be resolved.
2020-10-24 21:31:40,800 - ResourceManager : found om/java/bsbhv/BaseBhv.vm with loader org.apache.velocity.runtime.resource.loader.FileResourceLoader
2020-10-24 21:31:40,840 - ResourceManager : found om/java/bsbhv/ReferrerLoader.vm with loader org.apache.velocity.runtime.resource.loader.FileResourceLoader
2020-10-24 21:31:40,856 - ResourceManager : found om/java/bsentity/BaseEntity.vm with loader org.apache.velocity.runtime.resource.loader.FileResourceLoader
2020-10-24 21:31:40,874 - ResourceManager : found om/java/bsentity/dbmeta/DBMetaImpl.vm with loader org.apache.velocity.runtime.resource.loader.FileResourceLoader
2020-10-24 21:31:40,884 - ResourceManager : found om/java/exbhv/ExtendedBhv.vm with loader org.apache.velocity.runtime.resource.loader.FileResourceLoader
2020-10-24 21:31:40,892 - ResourceManager : found om/java/exentity/ExtendedEntity.vm with loader org.apache.velocity.runtime.resource.loader.FileResourceLoader
2020-10-24 21:31:40,904 - ResourceManager : found om/java/cbean/BsConditionBean.vm with loader org.apache.velocity.runtime.resource.loader.FileResourceLoader
2020-10-24 21:31:40,939 - ResourceManager : found om/java/cbean/AbstractBsConditionQuery.vm with loader org.apache.velocity.runtime.resource.loader.FileResourceLoader
2020-10-24 21:31:40,942 - RHS of #set statement is null. Context will not be modified. om/java/cbean/AbstractBsConditionQuery.vm[line 70, column 1]
2020-10-24 21:31:40,947 - RHS of #set statement is null. Context will not be modified. om/java/cbean/AbstractBsConditionQuery.vm[line 70, column 1]
2020-10-24 21:31:40,958 - ResourceManager : found om/java/cbean/BsConditionInlineQuery.vm with loader org.apache.velocity.runtime.resource.loader.FileResourceLoader
2020-10-24 21:31:40,960 - RHS of #set statement is null. Context will not be modified. om/java/cbean/BsConditionInlineQuery.vm[line 84, column 1]
2020-10-24 21:31:40,960 - RHS of #set statement is null. Context will not be modified. om/java/cbean/BsConditionInlineQuery.vm[line 84, column 1]
2020-10-24 21:31:40,974 - ResourceManager : found om/java/cbean/BsConditionQuery.vm with loader org.apache.velocity.runtime.resource.loader.FileResourceLoader
2020-10-24 21:31:40,975 - RHS of #set statement is null. Context will not be modified. om/java/cbean/BsConditionQuery.vm[line 104, column 1]
2020-10-24 21:31:40,975 - RHS of #set statement is null. Context will not be modified. om/java/cbean/BsConditionQuery.vm[line 104, column 1]
2020-10-24 21:31:40,979 - ResourceManager : found om/java/cbean/ExConditionBean.vm with loader org.apache.velocity.runtime.resource.loader.FileResourceLoader
2020-10-24 21:31:40,983 - ResourceManager : found om/java/cbean/ExConditionQuery.vm with loader org.apache.velocity.runtime.resource.loader.FileResourceLoader
2020-10-24 21:31:40,992 - ResourceManager : found om/java/plugin/simpledto/ControlPluginSimpleDtoGenerate.vm with loader org.apache.velocity.runtime.resource.loader.FileResourceLoader
2020-10-24 21:31:40,997 - ResourceManager : found om/java/plugin/flexdto/ControlPluginFlexDtoGenerate.vm with loader org.apache.velocity.runtime.resource.loader.FileResourceLoader
2020-10-24 21:31:47,142 - 
2020-10-24 21:31:47,142 - DfFlutistLog4JLogSystem initialized using logfile './log/velocity.log'
2020-10-24 21:31:47,142 - Initializing Velocity, Calling init()...
2020-10-24 21:31:47,142 - *******************************************************************
2020-10-24 21:31:47,142 - Starting Apache Velocity v1.7 (compiled: 2010-11-19 12:14:37)
2020-10-24 21:31:47,142 - RuntimeInstance initializing.
2020-10-24 21:31:47,142 - Default Properties File: org\apache\velocity\runtime\defaults\velocity.properties
2020-10-24 21:31:47,142 - Trying to use logger class org.dbflute.friends.velocity.DfFlutistLog4JLogSystem
2020-10-24 21:31:47,142 - Using logger class org.dbflute.friends.velocity.DfFlutistLog4JLogSystem
2020-10-24 21:31:47,146 - Default ResourceManager initializing. (class org.apache.velocity.runtime.resource.ResourceManagerImpl)
2020-10-24 21:31:47,155 - ResourceLoader instantiated: org.apache.velocity.runtime.resource.loader.FileResourceLoader
2020-10-24 21:31:47,158 - FileResourceLoader : initialization starting.
2020-10-24 21:31:47,158 - Do unicode file recognition:  false
2020-10-24 21:31:47,158 - FileResourceLoader : adding path 'C:\Users\negis\Desktop\demo\mydbflute\dbflute-1.2.1\templates'
2020-10-24 21:31:47,158 - FileResourceLoader : initialization complete.
2020-10-24 21:31:47,166 - ResourceCache: initialized (class org.apache.velocity.runtime.resource.ResourceCacheImpl) with class java.util.Collections$SynchronizedMap cache map.
2020-10-24 21:31:47,166 - Default ResourceManager initialization complete.
2020-10-24 21:31:47,168 - Loaded System Directive: org.apache.velocity.runtime.directive.Stop
2020-10-24 21:31:47,171 - Loaded System Directive: org.apache.velocity.runtime.directive.Define
2020-10-24 21:31:47,172 - Loaded System Directive: org.apache.velocity.runtime.directive.Break
2020-10-24 21:31:47,174 - Loaded System Directive: org.apache.velocity.runtime.directive.Evaluate
2020-10-24 21:31:47,174 - Loaded System Directive: org.apache.velocity.runtime.directive.Literal
2020-10-24 21:31:47,176 - Loaded System Directive: org.apache.velocity.runtime.directive.Macro
2020-10-24 21:31:47,179 - Loaded System Directive: org.apache.velocity.runtime.directive.Parse
2020-10-24 21:31:47,182 - Loaded System Directive: org.apache.velocity.runtime.directive.Include
2020-10-24 21:31:47,183 - Loaded System Directive: org.apache.velocity.runtime.directive.Foreach
2020-10-24 21:31:47,213 - Created '20' parsers.
2020-10-24 21:31:47,225 - Velocimacro : initialization starting.
2020-10-24 21:31:47,225 - Velocimacro : "velocimacro.library" is not set.  Trying default library: VM_global_library.vm
2020-10-24 21:31:47,225 - Velocimacro : Default library not found.
2020-10-24 21:31:47,225 - Velocimacro : allowInline = true : VMs can be defined inline in templates
2020-10-24 21:31:47,225 - Velocimacro : allowInlineToOverride = false : VMs defined inline may NOT replace previous VM definitions
2020-10-24 21:31:47,225 - Velocimacro : allowInlineLocal = false : VMs defined inline will be global in scope if allowed.
2020-10-24 21:31:47,225 - Velocimacro : autoload off : VM system will not automatically reload global library macros
2020-10-24 21:31:47,225 - Velocimacro : Velocimacro : initialization complete.
2020-10-24 21:31:47,225 - RuntimeInstance successfully initialized.
2020-10-24 21:31:47,276 - ResourceManager : found om/ControlSql2EntityJava.vm with loader org.apache.velocity.runtime.resource.loader.FileResourceLoader
2020-10-24 21:31:47,346 - ResourceManager : found om/java/plugin/simpledto/ControlPluginSimpleDtoSql2Entity.vm with loader org.apache.velocity.runtime.resource.loader.FileResourceLoader
2020-10-24 21:31:47,357 - ResourceManager : found om/java/plugin/flexdto/ControlPluginFlexDtoSql2Entity.vm with loader org.apache.velocity.runtime.resource.loader.FileResourceLoader
